[02/15/2020 04:31:27 pm] "SQLSTATE[HY000]: General error: 1366 Incorrect string value: '\\xF0\\x9F\\x98\\x95' for column 'text' at row 1"
[02/15/2020 04:31:33 pm] "SQLSTATE[HY000]: General error: 1366 Incorrect string value: '\\xF0\\x9F\\x98\\xA1\\xF0\\x9F...' for column 'text' at row 1"
[02/15/2020 04:35:37 pm] "SQLSTATE[HY000]: General error: 1366 Incorrect string value: '\\xF0\\x9F\\x98\\x96' for column 'text' at row 1"
[02/15/2020 04:35:42 pm] "SQLSTATE[HY000]: General error: 1366 Incorrect string value: '\\xF0\\x9F\\x98\\x93\\xF0\\x9F...' for column 'text' at row 1"
[02/15/2020 04:51:59 pm] "SQLSTATE[42000]: Syntax error or access violation: 1064 You have an error in your SQL syntax; check the manual that corresponds to your MySQL server version for the right syntax to use near 'AND `chat_id` = 111 AND `user_id` = 11' at line 1"
[02/15/2020 04:52:00 pm] "SQLSTATE[42000]: Syntax error or access violation: 1064 You have an error in your SQL syntax; check the manual that corresponds to your MySQL server version for the right syntax to use near 'AND `chat_id` = 111 AND `user_id` = 11' at line 1"
[02/15/2020 04:52:01 pm] "SQLSTATE[42000]: Syntax error or access violation: 1064 You have an error in your SQL syntax; check the manual that corresponds to your MySQL server version for the right syntax to use near 'AND `chat_id` = 111 AND `user_id` = 11' at line 1"
[02/17/2020 05:58:52 pm] "SQLSTATE[42000]: Syntax error or access violation: 1064 You have an error in your SQL syntax; check the manual that corresponds to your MySQL server version for the right syntax to use near 'AND chat_id = 12' at line 1"
[02/17/2020 05:58:53 pm] "SQLSTATE[42000]: Syntax error or access violation: 1064 You have an error in your SQL syntax; check the manual that corresponds to your MySQL server version for the right syntax to use near 'AND chat_id = 12' at line 1"
[02/17/2020 05:58:54 pm] "SQLSTATE[42000]: Syntax error or access violation: 1064 You have an error in your SQL syntax; check the manual that corresponds to your MySQL server version for the right syntax to use near 'AND chat_id = 12' at line 1"
[02/17/2020 05:58:55 pm] "SQLSTATE[42000]: Syntax error or access violation: 1064 You have an error in your SQL syntax; check the manual that corresponds to your MySQL server version for the right syntax to use near 'AND chat_id = 12' at line 1"
[02/17/2020 05:58:56 pm] "SQLSTATE[42000]: Syntax error or access violation: 1064 You have an error in your SQL syntax; check the manual that corresponds to your MySQL server version for the right syntax to use near 'AND chat_id = 12' at line 1"
[02/17/2020 05:58:57 pm] "SQLSTATE[42000]: Syntax error or access violation: 1064 You have an error in your SQL syntax; check the manual that corresponds to your MySQL server version for the right syntax to use near 'AND chat_id = 12' at line 1"
[02/17/2020 05:58:58 pm] "SQLSTATE[42000]: Syntax error or access violation: 1064 You have an error in your SQL syntax; check the manual that corresponds to your MySQL server version for the right syntax to use near 'AND chat_id = 12' at line 1"
[02/17/2020 05:58:59 pm] "SQLSTATE[42000]: Syntax error or access violation: 1064 You have an error in your SQL syntax; check the manual that corresponds to your MySQL server version for the right syntax to use near 'AND chat_id = 12' at line 1"
[02/17/2020 05:59:00 pm] "SQLSTATE[42000]: Syntax error or access violation: 1064 You have an error in your SQL syntax; check the manual that corresponds to your MySQL server version for the right syntax to use near 'AND chat_id = 12' at line 1"
[02/17/2020 05:59:01 pm] "SQLSTATE[42000]: Syntax error or access violation: 1064 You have an error in your SQL syntax; check the manual that corresponds to your MySQL server version for the right syntax to use near 'AND chat_id = 12' at line 1"
[02/17/2020 05:59:02 pm] "SQLSTATE[42000]: Syntax error or access violation: 1064 You have an error in your SQL syntax; check the manual that corresponds to your MySQL server version for the right syntax to use near 'AND chat_id = 12' at line 1"
[02/17/2020 05:59:03 pm] "SQLSTATE[42000]: Syntax error or access violation: 1064 You have an error in your SQL syntax; check the manual that corresponds to your MySQL server version for the right syntax to use near 'AND chat_id = 12' at line 1"
[02/17/2020 05:59:04 pm] "SQLSTATE[42000]: Syntax error or access violation: 1064 You have an error in your SQL syntax; check the manual that corresponds to your MySQL server version for the right syntax to use near 'AND chat_id = 12' at line 1"
[02/17/2020 06:33:26 pm] "SQLSTATE[42000]: Syntax error or access violation: 1064 You have an error in your SQL syntax; check the manual that corresponds to your MySQL server version for the right syntax to use near 'AND `chat_id` = 0 AND `user_id` =' at line 1"
[02/17/2020 06:41:11 pm] "SQLSTATE[42000]: Syntax error or access violation: 1064 You have an error in your SQL syntax; check the manual that corresponds to your MySQL server version for the right syntax to use near 'AND `chat_id` = 0 AND `user_id` =' at line 1"
[02/17/2020 06:43:07 pm] "SQLSTATE[42000]: Syntax error or access violation: 1064 You have an error in your SQL syntax; check the manual that corresponds to your MySQL server version for the right syntax to use near 'AND `chat_id` = 0 AND `user_id` =' at line 1"
[02/17/2020 06:43:16 pm] "SQLSTATE[42000]: Syntax error or access violation: 1064 You have an error in your SQL syntax; check the manual that corresponds to your MySQL server version for the right syntax to use near 'AND `chat_id` = 0 AND `user_id` =' at line 1"
[02/17/2020 06:54:07 pm] "SQLSTATE[42000]: Syntax error or access violation: 1064 You have an error in your SQL syntax; check the manual that corresponds to your MySQL server version for the right syntax to use near 'AND `chat_id` = 0 AND `user_id` =' at line 1"
[02/17/2020 06:59:58 pm] "SQLSTATE[42000]: Syntax error or access violation: 1064 You have an error in your SQL syntax; check the manual that corresponds to your MySQL server version for the right syntax to use near 'AND `chat_id` = 0 AND `user_id` =' at line 1"
[02/17/2020 07:00:21 pm] "SQLSTATE[42000]: Syntax error or access violation: 1064 You have an error in your SQL syntax; check the manual that corresponds to your MySQL server version for the right syntax to use near 'AND `chat_id` = 0 AND `user_id` =' at line 1"
[02/17/2020 07:06:48 pm] "SQLSTATE[42000]: Syntax error or access violation: 1064 You have an error in your SQL syntax; check the manual that corresponds to your MySQL server version for the right syntax to use near 'AND `chat_id` = 0 AND `user_id` =' at line 1"
[02/17/2020 07:22:46 pm] "SQLSTATE[42000]: Syntax error or access violation: 1064 You have an error in your SQL syntax; check the manual that corresponds to your MySQL server version for the right syntax to use near 'AND `chat_id` = 0 AND `user_id` =' at line 1"
[02/17/2020 07:23:07 pm] "SQLSTATE[42000]: Syntax error or access violation: 1064 You have an error in your SQL syntax; check the manual that corresponds to your MySQL server version for the right syntax to use near 'AND `chat_id` = 0 AND `user_id` =' at line 1"
[02/17/2020 07:25:41 pm] "SQLSTATE[42000]: Syntax error or access violation: 1064 You have an error in your SQL syntax; check the manual that corresponds to your MySQL server version for the right syntax to use near 'AND `chat_id` = 0 AND `user_id` =' at line 1"
[02/17/2020 07:26:58 pm] "SQLSTATE[42000]: Syntax error or access violation: 1064 You have an error in your SQL syntax; check the manual that corresponds to your MySQL server version for the right syntax to use near 'AND `chat_id` = 0 AND `user_id` =' at line 1"
[02/17/2020 07:27:04 pm] "SQLSTATE[42000]: Syntax error or access violation: 1064 You have an error in your SQL syntax; check the manual that corresponds to your MySQL server version for the right syntax to use near 'AND `chat_id` = 0 AND `user_id` =' at line 1"
[02/17/2020 07:27:05 pm] "SQLSTATE[42000]: Syntax error or access violation: 1064 You have an error in your SQL syntax; check the manual that corresponds to your MySQL server version for the right syntax to use near 'AND `chat_id` = 0 AND `user_id` =' at line 1"
[02/17/2020 07:27:08 pm] "SQLSTATE[42000]: Syntax error or access violation: 1064 You have an error in your SQL syntax; check the manual that corresponds to your MySQL server version for the right syntax to use near 'AND `chat_id` = 0 AND `user_id` =' at line 1"
[02/17/2020 07:27:09 pm] "SQLSTATE[42000]: Syntax error or access violation: 1064 You have an error in your SQL syntax; check the manual that corresponds to your MySQL server version for the right syntax to use near 'AND `chat_id` = 0 AND `user_id` =' at line 1"
[02/17/2020 07:27:09 pm] "SQLSTATE[42000]: Syntax error or access violation: 1064 You have an error in your SQL syntax; check the manual that corresponds to your MySQL server version for the right syntax to use near 'AND `chat_id` = 0 AND `user_id` =' at line 1"
[02/17/2020 07:28:56 pm] "SQLSTATE[42000]: Syntax error or access violation: 1064 You have an error in your SQL syntax; check the manual that corresponds to your MySQL server version for the right syntax to use near 'AND `chat_id` = 0 AND `user_id` =' at line 1"
[02/17/2020 07:29:26 pm] "SQLSTATE[42000]: Syntax error or access violation: 1064 You have an error in your SQL syntax; check the manual that corresponds to your MySQL server version for the right syntax to use near 'AND `chat_id` = 0 AND `user_id` =' at line 1"
[02/17/2020 07:30:09 pm] "SQLSTATE[42000]: Syntax error or access violation: 1064 You have an error in your SQL syntax; check the manual that corresponds to your MySQL server version for the right syntax to use near 'AND `chat_id` = 0 AND `user_id` =' at line 1"
[02/17/2020 07:31:45 pm] "SQLSTATE[42000]: Syntax error or access violation: 1064 You have an error in your SQL syntax; check the manual that corresponds to your MySQL server version for the right syntax to use near 'AND `chat_id` = 0 AND `user_id` =' at line 1"
[02/17/2020 07:32:29 pm] "SQLSTATE[42000]: Syntax error or access violation: 1064 You have an error in your SQL syntax; check the manual that corresponds to your MySQL server version for the right syntax to use near 'AND `chat_id` = 0 AND `user_id` =' at line 1"
[02/17/2020 07:38:31 pm] "SQLSTATE[42000]: Syntax error or access violation: 1064 You have an error in your SQL syntax; check the manual that corresponds to your MySQL server version for the right syntax to use near 'AND `chat_id` = 0 AND `user_id` =' at line 1"
[02/17/2020 07:39:39 pm] "SQLSTATE[42000]: Syntax error or access violation: 1064 You have an error in your SQL syntax; check the manual that corresponds to your MySQL server version for the right syntax to use near 'AND `chat_id` = 0 AND `user_id` =' at line 1"
[02/17/2020 07:46:44 pm] "SQLSTATE[42000]: Syntax error or access violation: 1064 You have an error in your SQL syntax; check the manual that corresponds to your MySQL server version for the right syntax to use near 'AND `chat_id` = 0 AND `user_id` =' at line 1"
[02/17/2020 07:49:22 pm] "SQLSTATE[42000]: Syntax error or access violation: 1064 You have an error in your SQL syntax; check the manual that corresponds to your MySQL server version for the right syntax to use near 'AND `chat_id` = 0 AND `user_id` =' at line 1"
[02/17/2020 07:50:46 pm] "SQLSTATE[42000]: Syntax error or access violation: 1064 You have an error in your SQL syntax; check the manual that corresponds to your MySQL server version for the right syntax to use near 'AND `chat_id` = 0 AND `user_id` =' at line 1"
[02/17/2020 07:52:13 pm] "SQLSTATE[42000]: Syntax error or access violation: 1064 You have an error in your SQL syntax; check the manual that corresponds to your MySQL server version for the right syntax to use near 'AND `chat_id` = 0 AND `user_id` =' at line 1"
[02/17/2020 07:53:03 pm] "SQLSTATE[42000]: Syntax error or access violation: 1064 You have an error in your SQL syntax; check the manual that corresponds to your MySQL server version for the right syntax to use near 'AND `chat_id` = 0 AND `user_id` =' at line 1"
[02/17/2020 07:53:41 pm] "SQLSTATE[42000]: Syntax error or access violation: 1064 You have an error in your SQL syntax; check the manual that corresponds to your MySQL server version for the right syntax to use near 'AND `chat_id` = 0 AND `user_id` =' at line 1"
[02/17/2020 07:53:47 pm] "SQLSTATE[42000]: Syntax error or access violation: 1064 You have an error in your SQL syntax; check the manual that corresponds to your MySQL server version for the right syntax to use near 'AND `chat_id` = 0 AND `user_id` =' at line 1"
[02/17/2020 07:54:00 pm] "SQLSTATE[42000]: Syntax error or access violation: 1064 You have an error in your SQL syntax; check the manual that corresponds to your MySQL server version for the right syntax to use near 'AND `chat_id` = 0 AND `user_id` =' at line 1"
[02/17/2020 07:54:05 pm] "SQLSTATE[42000]: Syntax error or access violation: 1064 You have an error in your SQL syntax; check the manual that corresponds to your MySQL server version for the right syntax to use near 'AND `chat_id` = 0 AND `user_id` =' at line 1"
[02/17/2020 07:54:16 pm] "SQLSTATE[42000]: Syntax error or access violation: 1064 You have an error in your SQL syntax; check the manual that corresponds to your MySQL server version for the right syntax to use near 'AND `chat_id` = 0 AND `user_id` =' at line 1"
[02/17/2020 07:55:46 pm] "SQLSTATE[42000]: Syntax error or access violation: 1064 You have an error in your SQL syntax; check the manual that corresponds to your MySQL server version for the right syntax to use near 'AND `chat_id` = 0 AND `user_id` =' at line 1"
[02/17/2020 07:56:08 pm] "SQLSTATE[42000]: Syntax error or access violation: 1064 You have an error in your SQL syntax; check the manual that corresponds to your MySQL server version for the right syntax to use near 'AND `chat_id` = 0 AND `user_id` =' at line 1"
[02/17/2020 07:57:04 pm] "SQLSTATE[42000]: Syntax error or access violation: 1064 You have an error in your SQL syntax; check the manual that corresponds to your MySQL server version for the right syntax to use near 'AND `chat_id` = 0 AND `user_id` =' at line 1"
[02/17/2020 07:57:11 pm] "SQLSTATE[42000]: Syntax error or access violation: 1064 You have an error in your SQL syntax; check the manual that corresponds to your MySQL server version for the right syntax to use near 'AND `chat_id` = 0 AND `user_id` =' at line 1"
[02/17/2020 07:58:10 pm] "SQLSTATE[42000]: Syntax error or access violation: 1064 You have an error in your SQL syntax; check the manual that corresponds to your MySQL server version for the right syntax to use near 'AND `chat_id` = 0 AND `user_id` =' at line 1"
[02/17/2020 07:58:11 pm] "SQLSTATE[42000]: Syntax error or access violation: 1064 You have an error in your SQL syntax; check the manual that corresponds to your MySQL server version for the right syntax to use near 'AND `chat_id` = 0 AND `user_id` =' at line 1"
[02/17/2020 07:58:18 pm] "SQLSTATE[42000]: Syntax error or access violation: 1064 You have an error in your SQL syntax; check the manual that corresponds to your MySQL server version for the right syntax to use near 'AND `chat_id` = 0 AND `user_id` =' at line 1"
[02/17/2020 07:58:19 pm] "SQLSTATE[42000]: Syntax error or access violation: 1064 You have an error in your SQL syntax; check the manual that corresponds to your MySQL server version for the right syntax to use near 'AND `chat_id` = 0 AND `user_id` =' at line 1"
[02/17/2020 07:58:19 pm] "SQLSTATE[42000]: Syntax error or access violation: 1064 You have an error in your SQL syntax; check the manual that corresponds to your MySQL server version for the right syntax to use near 'AND `chat_id` = 0 AND `user_id` =' at line 1"
[02/17/2020 07:58:19 pm] "SQLSTATE[42000]: Syntax error or access violation: 1064 You have an error in your SQL syntax; check the manual that corresponds to your MySQL server version for the right syntax to use near 'AND `chat_id` = 0 AND `user_id` =' at line 1"
[02/17/2020 07:58:48 pm] "SQLSTATE[42000]: Syntax error or access violation: 1064 You have an error in your SQL syntax; check the manual that corresponds to your MySQL server version for the right syntax to use near 'AND `chat_id` = 0 AND `user_id` =' at line 1"
[02/17/2020 08:01:01 pm] "SQLSTATE[42000]: Syntax error or access violation: 1064 You have an error in your SQL syntax; check the manual that corresponds to your MySQL server version for the right syntax to use near 'AND `chat_id` = 0 AND `user_id` =' at line 1"
[02/17/2020 08:03:05 pm] "SQLSTATE[42000]: Syntax error or access violation: 1064 You have an error in your SQL syntax; check the manual that corresponds to your MySQL server version for the right syntax to use near 'AND `chat_id` = 0 AND `user_id` =' at line 1"
[02/17/2020 08:03:07 pm] "SQLSTATE[42000]: Syntax error or access violation: 1064 You have an error in your SQL syntax; check the manual that corresponds to your MySQL server version for the right syntax to use near 'AND `chat_id` = 0 AND `user_id` =' at line 1"
[02/17/2020 08:03:07 pm] "SQLSTATE[42000]: Syntax error or access violation: 1064 You have an error in your SQL syntax; check the manual that corresponds to your MySQL server version for the right syntax to use near 'AND `chat_id` = 0 AND `user_id` =' at line 1"
[02/17/2020 08:03:07 pm] "SQLSTATE[42000]: Syntax error or access violation: 1064 You have an error in your SQL syntax; check the manual that corresponds to your MySQL server version for the right syntax to use near 'AND `chat_id` = 0 AND `user_id` =' at line 1"
[02/17/2020 08:03:07 pm] "SQLSTATE[42000]: Syntax error or access violation: 1064 You have an error in your SQL syntax; check the manual that corresponds to your MySQL server version for the right syntax to use near 'AND `chat_id` = 0 AND `user_id` =' at line 1"
[02/17/2020 08:03:08 pm] "SQLSTATE[42000]: Syntax error or access violation: 1064 You have an error in your SQL syntax; check the manual that corresponds to your MySQL server version for the right syntax to use near 'AND `chat_id` = 0 AND `user_id` =' at line 1"
[02/17/2020 08:05:14 pm] "SQLSTATE[42000]: Syntax error or access violation: 1064 You have an error in your SQL syntax; check the manual that corresponds to your MySQL server version for the right syntax to use near 'AND `chat_id` = 0 AND `user_id` =' at line 1"
[02/17/2020 08:16:49 pm] "SQLSTATE[42000]: Syntax error or access violation: 1064 You have an error in your SQL syntax; check the manual that corresponds to your MySQL server version for the right syntax to use near 'AND `chat_id` = 0 AND `user_id` =' at line 1"
[02/17/2020 08:18:15 pm] "SQLSTATE[42000]: Syntax error or access violation: 1064 You have an error in your SQL syntax; check the manual that corresponds to your MySQL server version for the right syntax to use near 'AND `chat_id` = 0 AND `user_id` =' at line 1"
[02/17/2020 08:18:59 pm] "SQLSTATE[42000]: Syntax error or access violation: 1064 You have an error in your SQL syntax; check the manual that corresponds to your MySQL server version for the right syntax to use near 'AND `chat_id` = 0 AND `user_id` =' at line 1"
[02/18/2020 12:42:32 pm] "SQLSTATE[42000]: Syntax error or access violation: 1064 You have an error in your SQL syntax; check the manual that corresponds to your MySQL server version for the right syntax to use near 'AND `chat_id` = 0 AND `user_id` =' at line 1"
[02/18/2020 12:42:39 pm] "SQLSTATE[42000]: Syntax error or access violation: 1064 You have an error in your SQL syntax; check the manual that corresponds to your MySQL server version for the right syntax to use near 'AND `chat_id` = 0 AND `user_id` =' at line 1"
[02/18/2020 12:42:40 pm] "SQLSTATE[42000]: Syntax error or access violation: 1064 You have an error in your SQL syntax; check the manual that corresponds to your MySQL server version for the right syntax to use near 'AND `chat_id` = 0 AND `user_id` =' at line 1"
[02/18/2020 12:42:40 pm] "SQLSTATE[42000]: Syntax error or access violation: 1064 You have an error in your SQL syntax; check the manual that corresponds to your MySQL server version for the right syntax to use near 'AND `chat_id` = 0 AND `user_id` =' at line 1"
[02/18/2020 12:42:40 pm] "SQLSTATE[42000]: Syntax error or access violation: 1064 You have an error in your SQL syntax; check the manual that corresponds to your MySQL server version for the right syntax to use near 'AND `chat_id` = 0 AND `user_id` =' at line 1"
[02/18/2020 12:43:13 pm] "SQLSTATE[42000]: Syntax error or access violation: 1064 You have an error in your SQL syntax; check the manual that corresponds to your MySQL server version for the right syntax to use near 'AND `chat_id` = 0 AND `user_id` =' at line 1"
[02/18/2020 12:43:26 pm] "SQLSTATE[42000]: Syntax error or access violation: 1064 You have an error in your SQL syntax; check the manual that corresponds to your MySQL server version for the right syntax to use near 'AND `chat_id` = 0 AND `user_id` =' at line 1"
[02/18/2020 12:43:31 pm] "SQLSTATE[42000]: Syntax error or access violation: 1064 You have an error in your SQL syntax; check the manual that corresponds to your MySQL server version for the right syntax to use near 'AND `chat_id` = 0 AND `user_id` =' at line 1"
[02/18/2020 12:44:34 pm] "SQLSTATE[42000]: Syntax error or access violation: 1064 You have an error in your SQL syntax; check the manual that corresponds to your MySQL server version for the right syntax to use near 'AND `chat_id` = 0 AND `user_id` =' at line 1"
[02/18/2020 12:51:16 pm] "SQLSTATE[42000]: Syntax error or access violation: 1064 You have an error in your SQL syntax; check the manual that corresponds to your MySQL server version for the right syntax to use near 'AND `chat_id` = 0 AND `user_id` =' at line 1"
[02/18/2020 12:53:16 pm] "SQLSTATE[42000]: Syntax error or access violation: 1064 You have an error in your SQL syntax; check the manual that corresponds to your MySQL server version for the right syntax to use near 'AND `chat_id` = 0 AND `user_id` =' at line 1"
[02/18/2020 12:53:17 pm] "SQLSTATE[42000]: Syntax error or access violation: 1064 You have an error in your SQL syntax; check the manual that corresponds to your MySQL server version for the right syntax to use near 'AND `chat_id` = 0 AND `user_id` =' at line 1"
[02/18/2020 12:53:18 pm] "SQLSTATE[42000]: Syntax error or access violation: 1064 You have an error in your SQL syntax; check the manual that corresponds to your MySQL server version for the right syntax to use near 'AND `chat_id` = 0 AND `user_id` =' at line 1"
[02/18/2020 12:53:19 pm] "SQLSTATE[42000]: Syntax error or access violation: 1064 You have an error in your SQL syntax; check the manual that corresponds to your MySQL server version for the right syntax to use near 'AND `chat_id` = 0 AND `user_id` =' at line 1"
[02/18/2020 12:53:19 pm] "SQLSTATE[42000]: Syntax error or access violation: 1064 You have an error in your SQL syntax; check the manual that corresponds to your MySQL server version for the right syntax to use near 'AND `chat_id` = 0 AND `user_id` =' at line 1"
[02/18/2020 12:53:19 pm] "SQLSTATE[42000]: Syntax error or access violation: 1064 You have an error in your SQL syntax; check the manual that corresponds to your MySQL server version for the right syntax to use near 'AND `chat_id` = 0 AND `user_id` =' at line 1"
[02/18/2020 12:53:22 pm] "SQLSTATE[42000]: Syntax error or access violation: 1064 You have an error in your SQL syntax; check the manual that corresponds to your MySQL server version for the right syntax to use near 'AND `chat_id` = 0 AND `user_id` =' at line 1"
[02/18/2020 12:53:23 pm] "SQLSTATE[42000]: Syntax error or access violation: 1064 You have an error in your SQL syntax; check the manual that corresponds to your MySQL server version for the right syntax to use near 'AND `chat_id` = 0 AND `user_id` =' at line 1"
[02/18/2020 12:53:23 pm] "SQLSTATE[42000]: Syntax error or access violation: 1064 You have an error in your SQL syntax; check the manual that corresponds to your MySQL server version for the right syntax to use near 'AND `chat_id` = 0 AND `user_id` =' at line 1"
[02/18/2020 12:53:23 pm] "SQLSTATE[42000]: Syntax error or access violation: 1064 You have an error in your SQL syntax; check the manual that corresponds to your MySQL server version for the right syntax to use near 'AND `chat_id` = 0 AND `user_id` =' at line 1"
[02/18/2020 12:53:24 pm] "SQLSTATE[42000]: Syntax error or access violation: 1064 You have an error in your SQL syntax; check the manual that corresponds to your MySQL server version for the right syntax to use near 'AND `chat_id` = 0 AND `user_id` =' at line 1"
[02/18/2020 12:53:25 pm] "SQLSTATE[42000]: Syntax error or access violation: 1064 You have an error in your SQL syntax; check the manual that corresponds to your MySQL server version for the right syntax to use near 'AND `chat_id` = 0 AND `user_id` =' at line 1"
[02/18/2020 12:53:25 pm] "SQLSTATE[42000]: Syntax error or access violation: 1064 You have an error in your SQL syntax; check the manual that corresponds to your MySQL server version for the right syntax to use near 'AND `chat_id` = 0 AND `user_id` =' at line 1"
[02/18/2020 12:53:26 pm] "SQLSTATE[42000]: Syntax error or access violation: 1064 You have an error in your SQL syntax; check the manual that corresponds to your MySQL server version for the right syntax to use near 'AND `chat_id` = 0 AND `user_id` =' at line 1"
[02/18/2020 12:53:52 pm] "SQLSTATE[42000]: Syntax error or access violation: 1064 You have an error in your SQL syntax; check the manual that corresponds to your MySQL server version for the right syntax to use near 'AND `chat_id` = 0 AND `user_id` =' at line 1"
[02/18/2020 12:55:06 pm] "SQLSTATE[42000]: Syntax error or access violation: 1064 You have an error in your SQL syntax; check the manual that corresponds to your MySQL server version for the right syntax to use near 'AND `chat_id` = 0 AND `user_id` =' at line 1"
[02/18/2020 12:56:34 pm] "SQLSTATE[42000]: Syntax error or access violation: 1064 You have an error in your SQL syntax; check the manual that corresponds to your MySQL server version for the right syntax to use near 'AND `chat_id` = 0 AND `user_id` =' at line 1"
[02/18/2020 12:58:52 pm] "SQLSTATE[42000]: Syntax error or access violation: 1064 You have an error in your SQL syntax; check the manual that corresponds to your MySQL server version for the right syntax to use near 'AND `chat_id` = 0 AND `user_id` =' at line 1"
[02/18/2020 12:59:47 pm] "SQLSTATE[42000]: Syntax error or access violation: 1064 You have an error in your SQL syntax; check the manual that corresponds to your MySQL server version for the right syntax to use near 'AND `chat_id` = 0 AND `user_id` =' at line 1"
[02/18/2020 01:05:17 pm] "SQLSTATE[42000]: Syntax error or access violation: 1064 You have an error in your SQL syntax; check the manual that corresponds to your MySQL server version for the right syntax to use near 'AND `chat_id` = 0 AND `user_id` =' at line 1"
[02/18/2020 01:13:04 pm] "SQLSTATE[42000]: Syntax error or access violation: 1064 You have an error in your SQL syntax; check the manual that corresponds to your MySQL server version for the right syntax to use near 'AND `chat_id` = 0 AND `user_id` =' at line 1"
[02/18/2020 01:13:06 pm] "SQLSTATE[42000]: Syntax error or access violation: 1064 You have an error in your SQL syntax; check the manual that corresponds to your MySQL server version for the right syntax to use near 'AND `chat_id` = 0 AND `user_id` =' at line 1"
[02/18/2020 01:13:06 pm] "SQLSTATE[42000]: Syntax error or access violation: 1064 You have an error in your SQL syntax; check the manual that corresponds to your MySQL server version for the right syntax to use near 'AND `chat_id` = 0 AND `user_id` =' at line 1"
[02/18/2020 01:13:07 pm] "SQLSTATE[42000]: Syntax error or access violation: 1064 You have an error in your SQL syntax; check the manual that corresponds to your MySQL server version for the right syntax to use near 'AND `chat_id` = 0 AND `user_id` =' at line 1"
[02/18/2020 01:13:07 pm] "SQLSTATE[42000]: Syntax error or access violation: 1064 You have an error in your SQL syntax; check the manual that corresponds to your MySQL server version for the right syntax to use near 'AND `chat_id` = 0 AND `user_id` =' at line 1"
[02/18/2020 01:13:08 pm] "SQLSTATE[42000]: Syntax error or access violation: 1064 You have an error in your SQL syntax; check the manual that corresponds to your MySQL server version for the right syntax to use near 'AND `chat_id` = 0 AND `user_id` =' at line 1"
[02/18/2020 01:13:10 pm] "SQLSTATE[42000]: Syntax error or access violation: 1064 You have an error in your SQL syntax; check the manual that corresponds to your MySQL server version for the right syntax to use near 'AND `chat_id` = 0 AND `user_id` =' at line 1"
[02/18/2020 01:13:15 pm] "SQLSTATE[42000]: Syntax error or access violation: 1064 You have an error in your SQL syntax; check the manual that corresponds to your MySQL server version for the right syntax to use near 'AND `chat_id` = 0 AND `user_id` =' at line 1"
[02/18/2020 01:13:16 pm] "SQLSTATE[42000]: Syntax error or access violation: 1064 You have an error in your SQL syntax; check the manual that corresponds to your MySQL server version for the right syntax to use near 'AND `chat_id` = 0 AND `user_id` =' at line 1"
[02/18/2020 01:13:16 pm] "SQLSTATE[42000]: Syntax error or access violation: 1064 You have an error in your SQL syntax; check the manual that corresponds to your MySQL server version for the right syntax to use near 'AND `chat_id` = 0 AND `user_id` =' at line 1"
[02/18/2020 01:13:17 pm] "SQLSTATE[42000]: Syntax error or access violation: 1064 You have an error in your SQL syntax; check the manual that corresponds to your MySQL server version for the right syntax to use near 'AND `chat_id` = 0 AND `user_id` =' at line 1"
[02/18/2020 01:13:25 pm] "SQLSTATE[42000]: Syntax error or access violation: 1064 You have an error in your SQL syntax; check the manual that corresponds to your MySQL server version for the right syntax to use near 'AND `chat_id` = 0 AND `user_id` =' at line 1"
[02/18/2020 01:14:10 pm] "SQLSTATE[42000]: Syntax error or access violation: 1064 You have an error in your SQL syntax; check the manual that corresponds to your MySQL server version for the right syntax to use near 'AND `chat_id` = 0 AND `user_id` =' at line 1"
[02/18/2020 01:14:22 pm] "SQLSTATE[42000]: Syntax error or access violation: 1064 You have an error in your SQL syntax; check the manual that corresponds to your MySQL server version for the right syntax to use near 'AND `chat_id` = 0 AND `user_id` =' at line 1"
[02/18/2020 01:14:24 pm] "SQLSTATE[42000]: Syntax error or access violation: 1064 You have an error in your SQL syntax; check the manual that corresponds to your MySQL server version for the right syntax to use near 'AND `chat_id` = 0 AND `user_id` =' at line 1"
[02/18/2020 01:14:26 pm] "SQLSTATE[42000]: Syntax error or access violation: 1064 You have an error in your SQL syntax; check the manual that corresponds to your MySQL server version for the right syntax to use near 'AND `chat_id` = 0 AND `user_id` =' at line 1"
[02/18/2020 01:14:28 pm] "SQLSTATE[42000]: Syntax error or access violation: 1064 You have an error in your SQL syntax; check the manual that corresponds to your MySQL server version for the right syntax to use near 'AND `chat_id` = 0 AND `user_id` =' at line 1"
[02/18/2020 01:17:33 pm] "SQLSTATE[42000]: Syntax error or access violation: 1064 You have an error in your SQL syntax; check the manual that corresponds to your MySQL server version for the right syntax to use near 'AND `chat_id` = 0 AND `user_id` =' at line 1"
[02/18/2020 01:19:51 pm] "SQLSTATE[42000]: Syntax error or access violation: 1064 You have an error in your SQL syntax; check the manual that corresponds to your MySQL server version for the right syntax to use near 'AND `chat_id` = 0 AND `user_id` =' at line 1"
[02/18/2020 01:21:05 pm] "SQLSTATE[42000]: Syntax error or access violation: 1064 You have an error in your SQL syntax; check the manual that corresponds to your MySQL server version for the right syntax to use near 'AND `chat_id` = 0 AND `user_id` =' at line 1"
[02/18/2020 01:23:25 pm] "SQLSTATE[42000]: Syntax error or access violation: 1064 You have an error in your SQL syntax; check the manual that corresponds to your MySQL server version for the right syntax to use near 'AND `chat_id` = 0 AND `user_id` =' at line 1"
[02/18/2020 01:24:30 pm] "SQLSTATE[42000]: Syntax error or access violation: 1064 You have an error in your SQL syntax; check the manual that corresponds to your MySQL server version for the right syntax to use near 'AND `chat_id` = 0 AND `user_id` =' at line 1"
[02/18/2020 01:24:38 pm] "SQLSTATE[42000]: Syntax error or access violation: 1064 You have an error in your SQL syntax; check the manual that corresponds to your MySQL server version for the right syntax to use near 'AND `chat_id` = 0 AND `user_id` =' at line 1"
[02/18/2020 01:28:17 pm] "SQLSTATE[42000]: Syntax error or access violation: 1064 You have an error in your SQL syntax; check the manual that corresponds to your MySQL server version for the right syntax to use near 'AND `chat_id` = 0 AND `user_id` =' at line 1"
[02/18/2020 01:30:13 pm] "SQLSTATE[42000]: Syntax error or access violation: 1064 You have an error in your SQL syntax; check the manual that corresponds to your MySQL server version for the right syntax to use near 'AND `chat_id` = 0 AND `user_id` =' at line 1"
[02/26/2020 03:44:17 pm] "SQLSTATE[HY093]: Invalid parameter number: number of bound variables does not match number of tokens"
[02/26/2020 05:12:56 pm] {"lang":"rus"}
[02/26/2020 05:12:56 pm] "rus"
[02/26/2020 05:12:58 pm] {"lang":"eng"}
[02/26/2020 05:12:58 pm] "eng"
[02/26/2020 05:13:00 pm] {"lang":"rus"}
[02/26/2020 05:13:00 pm] "rus"
[02/26/2020 05:13:02 pm] {"lang":"eng"}
[02/26/2020 05:13:02 pm] "eng"
[02/26/2020 06:30:36 pm] {"lang":"rus"}
[02/26/2020 06:30:36 pm] "rus"
[02/26/2020 06:34:22 pm] {"lang":"eng"}
[02/26/2020 06:34:22 pm] "eng"
[02/26/2020 06:35:45 pm] {"lang":"rus"}
[02/26/2020 06:35:45 pm] "rus"
[02/26/2020 06:36:28 pm] {"lang":"eng"}
[02/26/2020 06:36:28 pm] "eng"
[02/26/2020 06:39:43 pm] {"lang":"rus"}
[02/26/2020 06:39:43 pm] "rus"
[02/26/2020 06:39:46 pm] {"lang":"eng"}
[02/26/2020 06:39:46 pm] "eng"
[02/26/2020 06:42:33 pm] {"lang":"rus"}
[02/26/2020 06:42:33 pm] "rus"
[02/26/2020 06:42:42 pm] {"lang":"eng"}
[02/26/2020 06:42:42 pm] "eng"
[02/26/2020 06:52:07 pm] {"lang":"rus"}
[02/26/2020 06:52:07 pm] "rus"
[02/26/2020 06:55:06 pm] {"lang":"eng"}
[02/26/2020 06:55:06 pm] "eng"
[02/26/2020 06:56:18 pm] {"lang":"rus"}
[02/26/2020 06:56:18 pm] "rus"
[02/26/2020 07:04:29 pm] {"lang":"eng"}
[02/26/2020 07:04:29 pm] "eng"
[02/26/2020 07:07:46 pm] {"lang":"rus"}
[02/26/2020 07:07:46 pm] "rus"
[02/26/2020 07:07:57 pm] {"lang":"eng"}
[02/26/2020 07:07:57 pm] "eng"
[02/26/2020 07:09:15 pm] {"lang":"rus"}
[02/26/2020 07:09:15 pm] "rus"
[03/02/2020 03:47:06 pm] "9"
[03/02/2020 03:47:58 pm] [{"movie_id":"8"},{"movie_id":"17"},{"movie_id":"12"},{"movie_id":"9"},{"movie_id":"15"},{"movie_id":"6"}]
[03/02/2020 03:51:11 pm] []
[03/02/2020 03:51:23 pm] [{"movie_id":"8"},{"movie_id":"17"},{"movie_id":"12"},{"movie_id":"9"},{"movie_id":"15"},{"movie_id":"6"}]
[03/02/2020 03:52:01 pm] []
[03/02/2020 03:52:03 pm] []
[03/02/2020 03:56:03 pm] "SQLSTATE[42000]: Syntax error or access violation: 1064 You have an error in your SQL syntax; check the manual that corresponds to your MySQL server version for the right syntax to use near 'AND chat_id = 1' at line 1"
[03/02/2020 05:38:54 pm] "foto1_1.png"
[03/02/2020 05:43:58 pm] "foto1_1.png"
[03/02/2020 05:44:25 pm] "foto1_1.png"
